0 info it worked if it ends with ok
1 verbose cli [ 'C:\\Program Files\\nodejs\\node.exe',
1 verbose cli   'C:\\Program Files\\nodejs\\node_modules\\npm\\bin\\npm-cli.js',
1 verbose cli   'install',
1 verbose cli   '-g',
1 verbose cli   'phonegap' ]
2 info using npm@2.15.8
3 info using node@v4.4.7
4 verbose install initial load of C:\Users\joshua.calabia\AppData\Roaming\npm\package.json
5 verbose readDependencies loading dependencies from C:\Users\joshua.calabia\AppData\Roaming\npm\package.json
6 silly cache add args [ 'phonegap', null ]
7 verbose cache add spec phonegap
8 silly cache add parsed spec Result {
8 silly cache add   raw: 'phonegap',
8 silly cache add   scope: null,
8 silly cache add   name: 'phonegap',
8 silly cache add   rawSpec: '',
8 silly cache add   spec: 'latest',
8 silly cache add   type: 'tag' }
9 silly addNamed phonegap@latest
10 verbose addNamed "latest" is being treated as a dist-tag for phonegap
11 info addNameTag [ 'phonegap', 'latest' ]
12 silly mapToRegistry name phonegap
13 silly mapToRegistry using default registry
14 silly mapToRegistry registry https://registry.npmjs.org/
15 silly mapToRegistry data Result {
15 silly mapToRegistry   raw: 'phonegap',
15 silly mapToRegistry   scope: null,
15 silly mapToRegistry   name: 'phonegap',
15 silly mapToRegistry   rawSpec: '',
15 silly mapToRegistry   spec: 'latest',
15 silly mapToRegistry   type: 'tag' }
16 silly mapToRegistry uri https://registry.npmjs.org/phonegap
17 verbose addNameTag registry:https://registry.npmjs.org/phonegap not in flight; fetching
18 verbose request uri https://registry.npmjs.org/phonegap
19 verbose request no auth needed
20 info attempt registry request try #1 at 5:51:09 PM
21 verbose request id 0cee07f332492374
22 http request GET https://registry.npmjs.org/phonegap
23 info retry will retry, error on last attempt: Error: tunneling socket could not be established, cause=getaddrinfo ENOTFOUND proxy.company.com proxy.company.com:8080
24 info attempt registry request try #2 at 5:51:19 PM
25 http request GET https://registry.npmjs.org/phonegap
26 info retry will retry, error on last attempt: Error: tunneling socket could not be established, cause=getaddrinfo ENOTFOUND proxy.company.com proxy.company.com:8080
27 info attempt registry request try #3 at 5:52:19 PM
28 http request GET https://registry.npmjs.org/phonegap
29 verbose stack Error: tunneling socket could not be established, cause=getaddrinfo ENOTFOUND proxy.company.com proxy.company.com:8080
29 verbose stack     at ClientRequest.onError (C:\Program Files\nodejs\node_modules\npm\node_modules\request\node_modules\tunnel-agent\index.js:176:17)
29 verbose stack     at ClientRequest.g (events.js:260:16)
29 verbose stack     at emitOne (events.js:77:13)
29 verbose stack     at ClientRequest.emit (events.js:169:7)
29 verbose stack     at Socket.socketErrorListener (_http_client.js:267:9)
29 verbose stack     at emitOne (events.js:77:13)
29 verbose stack     at Socket.emit (events.js:169:7)
29 verbose stack     at connectErrorNT (net.js:1012:8)
29 verbose stack     at nextTickCallbackWith2Args (node.js:442:9)
29 verbose stack     at process._tickCallback (node.js:356:17)
30 verbose cwd C:\Users\joshua.calabia\MathGameJS
31 error Windows_NT 10.0.14393
32 error argv "C:\\Program Files\\nodejs\\node.exe" "C:\\Program Files\\nodejs\\node_modules\\npm\\bin\\npm-cli.js" "install" "-g" "phonegap"
33 error node v4.4.7
34 error npm  v2.15.8
35 error code ECONNRESET
36 error network tunneling socket could not be established, cause=getaddrinfo ENOTFOUND proxy.company.com proxy.company.com:8080
36 error network This is most likely not a problem with npm itself
36 error network and is related to network connectivity.
36 error network In most cases you are behind a proxy or have bad network settings.
36 error network
36 error network If you are behind a proxy, please make sure that the
36 error network 'proxy' config is set properly.  See: 'npm help config'
37 verbose exit [ 1, true ]
